<?xml version="1.0" encoding="UTF-8"?>
<testng-results skipped="0" failed="0" total="1" passed="1">
  <reporter-output>
  </reporter-output>
  <suite name="Default suite" duration-ms="84260" started-at="2016-10-01T16:13:43Z" finished-at="2016-10-01T16:15:08Z">
    <groups>
    </groups>
    <test name="Default test" duration-ms="84260" started-at="2016-10-01T16:13:43Z" finished-at="2016-10-01T16:15:08Z">
      <class name="wbl.MobileAutomationAppium.YelpApp">
        <test-method status="PASS" signature="setUp()[pri:0, instance:wbl.MobileAutomationAppium.YelpApp@1b0375b3]" name="setUp" is-config="true" duration-ms="52490" started-at="2016-10-01T09:13:43Z" finished-at="2016-10-01T09:14:36Z">
          <reporter-output>
          </reporter-output>
        </test-method> <!-- setUp -->
        <test-method status="PASS" signature="loginPageTest()[pri:0, instance:wbl.MobileAutomationAppium.YelpApp@1b0375b3]" name="loginPageTest" duration-ms="28464" started-at="2016-10-01T09:14:36Z" finished-at="2016-10-01T09:15:04Z">
          <reporter-output>
          </reporter-output>
        </test-method> <!-- loginPageTest -->
        <test-method status="PASS" signature="cleanup()[pri:0, instance:wbl.MobileAutomationAppium.YelpApp@1b0375b3]" name="cleanup" is-config="true" duration-ms="3275" started-at="2016-10-01T09:15:04Z" finished-at="2016-10-01T09:15:08Z">
          <reporter-output>
          </reporter-output>
        </test-method> <!-- cleanup -->
      </class> <!-- wbl.MobileAutomationAppium.YelpApp -->
    </test> <!-- Default test -->
  </suite> <!-- Default suite -->
</testng-results>
